<?xml version="1.0" encoding="UTF-8"?>
<!-- Generated by org.testng.reporters.JUnitXMLReporter -->
<testsuite hostname="DESKTOP-2J9E8E2" ignored="0" name="Test" tests="1" failures="0" timestamp="2022-07-06T11:07:40 PDT" time="0.104" errors="0">
  <testcase name="@BeforeSuite Startsetup" time="0.015" classname="com.utility.Baseclass">
    <failure type="java.io.FileNotFoundException" message=" C:\Users\SHWETA GOUDAR\eclipse-workspace\frame1_demo\configure\configure properties (The filename, directory name, or volume label syntax is incorrect)">
      <![CDATA[java.io.FileNotFoundException:  C:\Users\SHWETA GOUDAR\eclipse-workspace\frame1_demo\configure\configure properties (The filename, directory name, or volume label syntax is incorrect)
at java.io.FileInputStream.open0(Native Method)
at java.io.FileInputStream.open(Unknown Source)
at java.io.FileInputStream.<init>(Unknown Source)
at java.io.FileInputStream.<init>(Unknown Source)
at com.utility.configuredataprovider.<init>(configuredataprovider.java:16)
at com.utility.Baseclass.Startsetup(Baseclass.java:22)
... Removed 19 stack frames]]>
    </failure>
  </testcase> <!-- @BeforeSuite Startsetup -->
  <testcase name="@BeforeMethod setup" time="-1.657130860808E9" classname="com.utility.Baseclass">
    <skipped/>
  </testcase> <!-- @BeforeMethod setup -->
  <testcase name="@AfterMethod teardown" time="-1.657130860829E9" classname="com.utility.Baseclass">
    <skipped/>
  </testcase> <!-- @AfterMethod teardown -->
  <testcase name="Verifyloginpage" time="0.0" classname="com.logintest.test_001">
    <skipped/>
  </testcase> <!-- Verifyloginpage -->
</testsuite> <!-- Test -->
